# JRE version: OpenJDK Runtime Environment (8.0_112-b06) (build 1.8.0_112-release-b06)
# Java VM: OpenJDK 64-Bit Server VM (25.112-b06 mixed mode windows-amd64 compressed oops)
Heap:
 PSYoungGen      total 119296K, used 30633K [0x00000000eab00000, 0x00000000f5000000, 0x0000000100000000)
  eden space 107520K, 17% used [0x00000000eab00000,0x00000000ebd6c4a0,0x00000000f1400000)
  from space 11776K, 99% used [0x00000000f1400000,0x00000000f1f7e108,0x00000000f1f80000)
  to   space 14336K, 0% used [0x00000000f4200000,0x00000000f4200000,0x00000000f5000000)
 ParOldGen       total 86016K, used 17553K [0x00000000c0000000, 0x00000000c5400000, 0x00000000eab00000)
  object space 86016K, 20% used [0x00000000c0000000,0x00000000c11247d8,0x00000000c5400000)
 Metaspace       used 46248K, capacity 47546K, committed 47872K, reserved 1091584K
  class space    used 6263K, capacity 6566K, committed 6656K, reserved 1048576K
GC Heap History (10 events):
Event: 6.118 GC heap before
{Heap before GC invocations=9 (full 1):
 PSYoungGen      total 60928K, used 57700K [0x00000000eab00000, 0x00000000f0b00000, 0x0000000100000000)
  eden space 50176K, 100% used [0x00000000eab00000,0x00000000edc00000,0x00000000edc00000)
  from space 10752K, 69% used [0x00000000edc00000,0x00000000ee359018,0x00000000ee680000)
  to   space 10752K, 0% used [0x00000000f0080000,0x00000000f0080000,0x00000000f0b00000)
 ParOldGen       total 64000K, used 9304K [0x00000000c0000000, 0x00000000c3e80000, 0x00000000eab00000)
  object space 64000K, 14% used [0x00000000c0000000,0x00000000c0916310,0x00000000c3e80000)
 Metaspace       used 33819K, capacity 34552K, committed 34816K, reserved 1079296K
  class space    used 4558K, capacity 4777K, committed 4864K, reserved 1048576K
Event: 6.125 GC heap after
Heap after GC invocations=9 (full 1):
 PSYoungGen      total 86528K, used 10128K [0x00000000eab00000, 0x00000000f0c80000, 0x0000000100000000)
  eden space 75776K, 0% used [0x00000000eab00000,0x00000000eab00000,0x00000000ef500000)
  from space 10752K, 94% used [0x00000000f0080000,0x00000000f0a640b0,0x00000000f0b00000)
  to   space 11776K, 0% used [0x00000000ef500000,0x00000000ef500000,0x00000000f0080000)
 ParOldGen       total 64000K, used 9376K [0x00000000c0000000, 0x00000000c3e80000, 0x00000000eab00000)
  object space 64000K, 14% used [0x00000000c0000000,0x00000000c0928320,0x00000000c3e80000)
 Metaspace       used 33819K, capacity 34552K, committed 34816K, reserved 1079296K
  class space    used 4558K, capacity 4777K, committed 4864K, reserved 1048576K
}
Event: 6.222 GC heap before
{Heap before GC invocations=10 (full 1):
 PSYoungGen      total 86528K, used 26085K [0x00000000eab00000, 0x00000000f0c80000, 0x0000000100000000)
  eden space 75776K, 21% used [0x00000000eab00000,0x00000000eba95658,0x00000000ef500000)
  from space 10752K, 94% used [0x00000000f0080000,0x00000000f0a640b0,0x00000000f0b00000)
  to   space 11776K, 0% used [0x00000000ef500000,0x00000000ef500000,0x00000000f0080000)
 ParOldGen       total 64000K, used 9376K [0x00000000c0000000, 0x00000000c3e80000, 0x00000000eab00000)
  object space 64000K, 14% used [0x00000000c0000000,0x00000000c0928320,0x00000000c3e80000)
 Metaspace       used 34612K, capacity 35330K, committed 35496K, reserved 1079296K
  class space    used 4663K, capacity 4846K, committed 4864K, reserved 1048576K
Event: 6.231 GC heap after
Heap after GC invocations=10 (full 1):
 PSYoungGen      total 87552K, used 8098K [0x00000000eab00000, 0x00000000f2e00000, 0x0000000100000000)
  eden space 75776K, 0% used [0x00000000eab00000,0x00000000eab00000,0x00000000ef500000)
  from space 11776K, 68% used [0x00000000ef500000,0x00000000efce8888,0x00000000f0080000)
  to   space 11776K, 0% used [0x00000000f2280000,0x00000000f2280000,0x00000000f2e00000)
 ParOldGen       total 64000K, used 9384K [0x00000000c0000000, 0x00000000c3e80000, 0x00000000eab00000)
  object space 64000K, 14% used [0x00000000c0000000,0x00000000c092a320,0x00000000c3e80000)
 Metaspace       used 34612K, capacity 35330K, committed 35496K, reserved 1079296K
  class space    used 4663K, capacity 4846K, committed 4864K, reserved 1048576K
}
Event: 6.231 GC heap before
{Heap before GC invocations=11 (full 2):
 PSYoungGen      total 87552K, used 8098K [0x00000000eab00000, 0x00000000f2e00000, 0x0000000100000000)
  eden space 75776K, 0% used [0x00000000eab00000,0x00000000eab00000,0x00000000ef500000)
  from space 11776K, 68% used [0x00000000ef500000,0x00000000efce8888,0x00000000f0080000)
  to   space 11776K, 0% used [0x00000000f2280000,0x00000000f2280000,0x00000000f2e00000)
 ParOldGen       total 64000K, used 9384K [0x00000000c0000000, 0x00000000c3e80000, 0x00000000eab00000)
  object space 64000K, 14% used [0x00000000c0000000,0x00000000c092a320,0x00000000c3e80000)
 Metaspace       used 34612K, capacity 35330K, committed 35496K, reserved 1079296K
  class space    used 4663K, capacity 4846K, committed 4864K, reserved 1048576K
Event: 6.281 GC heap after
Heap after GC invocations=11 (full 2):
 PSYoungGen      total 87552K, used 0K [0x00000000eab00000, 0x00000000f2e00000, 0x0000000100000000)
  eden space 75776K, 0% used [0x00000000eab00000,0x00000000eab00000,0x00000000ef500000)
  from space 11776K, 0% used [0x00000000ef500000,0x00000000ef500000,0x00000000f0080000)
  to   space 11776K, 0% used [0x00000000f2280000,0x00000000f2280000,0x00000000f2e00000)
 ParOldGen       total 86016K, used 14512K [0x00000000c0000000, 0x00000000c5400000, 0x00000000eab00000)
  object space 86016K, 16% used [0x00000000c0000000,0x00000000c0e2c0c0,0x00000000c5400000)
 Metaspace       used 34612K, capacity 35330K, committed 35496K, reserved 1079296K
  class space    used 4663K, capacity 4846K, committed 4864K, reserved 1048576K
}
Event: 6.872 GC heap before
{Heap before GC invocations=12 (full 2):
 PSYoungGen      total 87552K, used 75776K [0x00000000eab00000, 0x00000000f2e00000, 0x0000000100000000)
  eden space 75776K, 100% used [0x00000000eab00000,0x00000000ef500000,0x00000000ef500000)
  from space 11776K, 0% used [0x00000000ef500000,0x00000000ef500000,0x00000000f0080000)
  to   space 11776K, 0% used [0x00000000f2280000,0x00000000f2280000,0x00000000f2e00000)
 ParOldGen       total 86016K, used 14512K [0x00000000c0000000, 0x00000000c5400000, 0x00000000eab00000)
  object space 86016K, 16% used [0x00000000c0000000,0x00000000c0e2c0c0,0x00000000c5400000)
 Metaspace       used 37900K, capacity 38754K, committed 38912K, reserved 1083392K
  class space    used 5098K, capacity 5374K, committed 5376K, reserved 1048576K
Event: 6.879 GC heap after
Heap after GC invocations=12 (full 2):
 PSYoungGen      total 112640K, used 8446K [0x00000000eab00000, 0x00000000f2b00000, 0x0000000100000000)
  eden space 103936K, 0% used [0x00000000eab00000,0x00000000eab00000,0x00000000f1080000)
  from space 8704K, 97% used [0x00000000f2280000,0x00000000f2abfae0,0x00000000f2b00000)
  to   space 11776K, 0% used [0x00000000f1400000,0x00000000f1400000,0x00000000f1f80000)
 ParOldGen       total 86016K, used 14520K [0x00000000c0000000, 0x00000000c5400000, 0x00000000eab00000)
  object space 86016K, 16% used [0x00000000c0000000,0x00000000c0e2e0c0,0x00000000c5400000)
 Metaspace       used 37900K, capacity 38754K, committed 38912K, reserved 1083392K
  class space    used 5098K, capacity 5374K, committed 5376K, reserved 1048576K
}
Event: 7.948 GC heap before
{Heap before GC invocations=13 (full 2):
 PSYoungGen      total 112640K, used 112382K [0x00000000eab00000, 0x00000000f2b00000, 0x0000000100000000)
  eden space 103936K, 100% used [0x00000000eab00000,0x00000000f1080000,0x00000000f1080000)
  from space 8704K, 97% used [0x00000000f2280000,0x00000000f2abfae0,0x00000000f2b00000)
  to   space 11776K, 0% used [0x00000000f1400000,0x00000000f1400000,0x00000000f1f80000)
 ParOldGen       total 86016K, used 14520K [0x00000000c0000000, 0x00000000c5400000, 0x00000000eab00000)
  object space 86016K, 16% used [0x00000000c0000000,0x00000000c0e2e0c0,0x00000000c5400000)
 Metaspace       used 45584K, capacity 46768K, committed 46976K, reserved 1089536K
  class space    used 6149K, capacity 6421K, committed 6528K, reserved 1048576K
Event: 7.962 GC heap after
Heap after GC invocations=13 (full 2):
 PSYoungGen      total 119296K, used 11768K [0x00000000eab00000, 0x00000000f5000000, 0x0000000100000000)
  eden space 107520K, 0% used [0x00000000eab00000,0x00000000eab00000,0x00000000f1400000)
  from space 11776K, 99% used [0x00000000f1400000,0x00000000f1f7e108,0x00000000f1f80000)
  to   space 14336K, 0% used [0x00000000f4200000,0x00000000f4200000,0x00000000f5000000)
 ParOldGen       total 86016K, used 17553K [0x00000000c0000000, 0x00000000c5400000, 0x00000000eab00000)
  object space 86016K, 20% used [0x00000000c0000000,0x00000000c11247d8,0x00000000c5400000)
 Metaspace       used 45584K, capacity 46768K, committed 46976K, reserved 1089536K
  class space    used 6149K, capacity 6421K, committed 6528K, reserved 1048576K
}

