# JRE version: OpenJDK Runtime Environment (8.0_112-b06) (build 1.8.0_112-release-b06)
# Java VM: OpenJDK 64-Bit Server VM (25.112-b06 mixed mode windows-amd64 compressed oops)
Heap:
 PSYoungGen      total 103424K, used 84801K [0x00000000eab00000, 0x00000000f1a80000, 0x0000000100000000)
  eden space 92672K, 91% used [0x00000000eab00000,0x00000000efdd05c0,0x00000000f0580000)
  from space 10752K, 0% used [0x00000000f0580000,0x00000000f0580000,0x00000000f1000000)
  to   space 10240K, 0% used [0x00000000f1080000,0x00000000f1080000,0x00000000f1a80000)
 ParOldGen       total 67584K, used 18211K [0x00000000c0000000, 0x00000000c4200000, 0x00000000eab00000)
  object space 67584K, 26% used [0x00000000c0000000,0x00000000c11c8c60,0x00000000c4200000)
 Metaspace       used 41093K, capacity 42066K, committed 42240K, reserved 1085440K
  class space    used 5602K, capacity 5880K, committed 5888K, reserved 1048576K
GC Heap History (10 events):
Event: 1.840 GC heap before
{Heap before GC invocations=5 (full 1):
 PSYoungGen      total 71680K, used 5099K [0x00000000eab00000, 0x00000000ef600000, 0x0000000100000000)
  eden space 66560K, 0% used [0x00000000eab00000,0x00000000eab00000,0x00000000eec00000)
  from space 5120K, 99% used [0x00000000ef100000,0x00000000ef5fafc0,0x00000000ef600000)
  to   space 5120K, 0% used [0x00000000eec00000,0x00000000eec00000,0x00000000ef100000)
 ParOldGen       total 87552K, used 8389K [0x00000000c0000000, 0x00000000c5580000, 0x00000000eab00000)
  object space 87552K, 9% used [0x00000000c0000000,0x00000000c08315a8,0x00000000c5580000)
 Metaspace       used 20853K, capacity 21214K, committed 21296K, reserved 1067008K
  class space    used 2798K, capacity 2944K, committed 2944K, reserved 1048576K
Event: 1.876 GC heap after
Heap after GC invocations=5 (full 1):
 PSYoungGen      total 71680K, used 0K [0x00000000eab00000, 0x00000000ef600000, 0x0000000100000000)
  eden space 66560K, 0% used [0x00000000eab00000,0x00000000eab00000,0x00000000eec00000)
  from space 5120K, 0% used [0x00000000ef100000,0x00000000ef100000,0x00000000ef600000)
  to   space 5120K, 0% used [0x00000000eec00000,0x00000000eec00000,0x00000000ef100000)
 ParOldGen       total 67584K, used 9306K [0x00000000c0000000, 0x00000000c4200000, 0x00000000eab00000)
  object space 67584K, 13% used [0x00000000c0000000,0x00000000c0916b68,0x00000000c4200000)
 Metaspace       used 20853K, capacity 21214K, committed 21296K, reserved 1067008K
  class space    used 2798K, capacity 2944K, committed 2944K, reserved 1048576K
}
Event: 2.833 GC heap before
{Heap before GC invocations=6 (full 1):
 PSYoungGen      total 71680K, used 66560K [0x00000000eab00000, 0x00000000ef600000, 0x0000000100000000)
  eden space 66560K, 100% used [0x00000000eab00000,0x00000000eec00000,0x00000000eec00000)
  from space 5120K, 0% used [0x00000000ef100000,0x00000000ef100000,0x00000000ef600000)
  to   space 5120K, 0% used [0x00000000eec00000,0x00000000eec00000,0x00000000ef100000)
 ParOldGen       total 67584K, used 9306K [0x00000000c0000000, 0x00000000c4200000, 0x00000000eab00000)
  object space 67584K, 13% used [0x00000000c0000000,0x00000000c0916b68,0x00000000c4200000)
 Metaspace       used 26342K, capacity 26810K, committed 26880K, reserved 1073152K
  class space    used 3643K, capacity 3776K, committed 3840K, reserved 1048576K
Event: 2.840 GC heap after
Heap after GC invocations=6 (full 1):
 PSYoungGen      total 71680K, used 5117K [0x00000000eab00000, 0x00000000f1b80000, 0x0000000100000000)
  eden space 66560K, 0% used [0x00000000eab00000,0x00000000eab00000,0x00000000eec00000)
  from space 5120K, 99% used [0x00000000eec00000,0x00000000ef0ff5b8,0x00000000ef100000)
  to   space 11264K, 0% used [0x00000000f1080000,0x00000000f1080000,0x00000000f1b80000)
 ParOldGen       total 67584K, used 12191K [0x00000000c0000000, 0x00000000c4200000, 0x00000000eab00000)
  object space 67584K, 18% used [0x00000000c0000000,0x00000000c0be7d68,0x00000000c4200000)
 Metaspace       used 26342K, capacity 26810K, committed 26880K, reserved 1073152K
  class space    used 3643K, capacity 3776K, committed 3840K, reserved 1048576K
}
Event: 3.516 GC heap before
{Heap before GC invocations=7 (full 1):
 PSYoungGen      total 71680K, used 71677K [0x00000000eab00000, 0x00000000f1b80000, 0x0000000100000000)
  eden space 66560K, 100% used [0x00000000eab00000,0x00000000eec00000,0x00000000eec00000)
  from space 5120K, 99% used [0x00000000eec00000,0x00000000ef0ff5b8,0x00000000ef100000)
  to   space 11264K, 0% used [0x00000000f1080000,0x00000000f1080000,0x00000000f1b80000)
 ParOldGen       total 67584K, used 12191K [0x00000000c0000000, 0x00000000c4200000, 0x00000000eab00000)
  object space 67584K, 18% used [0x00000000c0000000,0x00000000c0be7d68,0x00000000c4200000)
 Metaspace       used 29763K, capacity 30336K, committed 30464K, reserved 1075200K
  class space    used 4070K, capacity 4242K, committed 4352K, reserved 1048576K
Event: 3.525 GC heap after
Heap after GC invocations=7 (full 1):
 PSYoungGen      total 102912K, used 7616K [0x00000000eab00000, 0x00000000f1a80000, 0x0000000100000000)
  eden space 92672K, 0% used [0x00000000eab00000,0x00000000eab00000,0x00000000f0580000)
  from space 10240K, 74% used [0x00000000f1080000,0x00000000f17f01c8,0x00000000f1a80000)
  to   space 10752K, 0% used [0x00000000f0580000,0x00000000f0580000,0x00000000f1000000)
 ParOldGen       total 67584K, used 12199K [0x00000000c0000000, 0x00000000c4200000, 0x00000000eab00000)
  object space 67584K, 18% used [0x00000000c0000000,0x00000000c0be9d68,0x00000000c4200000)
 Metaspace       used 29763K, capacity 30336K, committed 30464K, reserved 1075200K
  class space    used 4070K, capacity 4242K, committed 4352K, reserved 1048576K
}
Event: 4.364 GC heap before
{Heap before GC invocations=8 (full 1):
 PSYoungGen      total 102912K, used 72683K [0x00000000eab00000, 0x00000000f1a80000, 0x0000000100000000)
  eden space 92672K, 70% used [0x00000000eab00000,0x00000000eea8aa70,0x00000000f0580000)
  from space 10240K, 74% used [0x00000000f1080000,0x00000000f17f01c8,0x00000000f1a80000)
  to   space 10752K, 0% used [0x00000000f0580000,0x00000000f0580000,0x00000000f1000000)
 ParOldGen       total 67584K, used 12199K [0x00000000c0000000, 0x00000000c4200000, 0x00000000eab00000)
  object space 67584K, 18% used [0x00000000c0000000,0x00000000c0be9d68,0x00000000c4200000)
 Metaspace       used 34729K, capacity 35394K, committed 35496K, reserved 1079296K
  class space    used 4672K, capacity 4846K, committed 4864K, reserved 1048576K
Event: 4.375 GC heap after
Heap after GC invocations=8 (full 1):
 PSYoungGen      total 103424K, used 10738K [0x00000000eab00000, 0x00000000f1a80000, 0x0000000100000000)
  eden space 92672K, 0% used [0x00000000eab00000,0x00000000eab00000,0x00000000f0580000)
  from space 10752K, 99% used [0x00000000f0580000,0x00000000f0ffcae8,0x00000000f1000000)
  to   space 10240K, 0% used [0x00000000f1080000,0x00000000f1080000,0x00000000f1a80000)
 ParOldGen       total 67584K, used 13454K [0x00000000c0000000, 0x00000000c4200000, 0x00000000eab00000)
  object space 67584K, 19% used [0x00000000c0000000,0x00000000c0d23848,0x00000000c4200000)
 Metaspace       used 34729K, capacity 35394K, committed 35496K, reserved 1079296K
  class space    used 4672K, capacity 4846K, committed 4864K, reserved 1048576K
}
Event: 4.375 GC heap before
{Heap before GC invocations=9 (full 2):
 PSYoungGen      total 103424K, used 10738K [0x00000000eab00000, 0x00000000f1a80000, 0x0000000100000000)
  eden space 92672K, 0% used [0x00000000eab00000,0x00000000eab00000,0x00000000f0580000)
  from space 10752K, 99% used [0x00000000f0580000,0x00000000f0ffcae8,0x00000000f1000000)
  to   space 10240K, 0% used [0x00000000f1080000,0x00000000f1080000,0x00000000f1a80000)
 ParOldGen       total 67584K, used 13454K [0x00000000c0000000, 0x00000000c4200000, 0x00000000eab00000)
  object space 67584K, 19% used [0x00000000c0000000,0x00000000c0d23848,0x00000000c4200000)
 Metaspace       used 34729K, capacity 35394K, committed 35496K, reserved 1079296K
  class space    used 4672K, capacity 4846K, committed 4864K, reserved 1048576K
Event: 4.438 GC heap after
Heap after GC invocations=9 (full 2):
 PSYoungGen      total 103424K, used 0K [0x00000000eab00000, 0x00000000f1a80000, 0x0000000100000000)
  eden space 92672K, 0% used [0x00000000eab00000,0x00000000eab00000,0x00000000f0580000)
  from space 10752K, 0% used [0x00000000f0580000,0x00000000f0580000,0x00000000f1000000)
  to   space 10240K, 0% used [0x00000000f1080000,0x00000000f1080000,0x00000000f1a80000)
 ParOldGen       total 67584K, used 18211K [0x00000000c0000000, 0x00000000c4200000, 0x00000000eab00000)
  object space 67584K, 26% used [0x00000000c0000000,0x00000000c11c8c60,0x00000000c4200000)
 Metaspace       used 34729K, capacity 35394K, committed 35496K, reserved 1079296K
  class space    used 4672K, capacity 4846K, committed 4864K, reserved 1048576K
}

