# JRE version: OpenJDK Runtime Environment (8.0_112-b06) (build 1.8.0_112-release-b06)
# Java VM: OpenJDK 64-Bit Server VM (25.112-b06 mixed mode windows-amd64 compressed oops)
Heap:
 PSYoungGen      total 99840K, used 12609K [0x00000000eab00000, 0x00000000f3a80000, 0x0000000100000000)
  eden space 89088K, 2% used [0x00000000eab00000,0x00000000eacd5508,0x00000000f0200000)
  from space 10752K, 99% used [0x00000000f0f00000,0x00000000f197b2f0,0x00000000f1980000)
  to   space 13312K, 0% used [0x00000000f0200000,0x00000000f0200000,0x00000000f0f00000)
 ParOldGen       total 68608K, used 18800K [0x00000000c0000000, 0x00000000c4300000, 0x00000000eab00000)
  object space 68608K, 27% used [0x00000000c0000000,0x00000000c125c248,0x00000000c4300000)
 Metaspace       used 42916K, capacity 43872K, committed 44032K, reserved 1087488K
  class space    used 5811K, capacity 6077K, committed 6144K, reserved 1048576K
GC Heap History (10 events):
Event: 2.904 GC heap before
{Heap before GC invocations=6 (full 1):
 PSYoungGen      total 71680K, used 66560K [0x00000000eab00000, 0x00000000ef600000, 0x0000000100000000)
  eden space 66560K, 100% used [0x00000000eab00000,0x00000000eec00000,0x00000000eec00000)
  from space 5120K, 0% used [0x00000000ef100000,0x00000000ef100000,0x00000000ef600000)
  to   space 5120K, 0% used [0x00000000eec00000,0x00000000eec00000,0x00000000ef100000)
 ParOldGen       total 68608K, used 9280K [0x00000000c0000000, 0x00000000c4300000, 0x00000000eab00000)
  object space 68608K, 13% used [0x00000000c0000000,0x00000000c09100d0,0x00000000c4300000)
 Metaspace       used 26295K, capacity 26810K, committed 26880K, reserved 1073152K
  class space    used 3635K, capacity 3776K, committed 3840K, reserved 1048576K
Event: 2.912 GC heap after
Heap after GC invocations=6 (full 1):
 PSYoungGen      total 71680K, used 5113K [0x00000000eab00000, 0x00000000f1a00000, 0x0000000100000000)
  eden space 66560K, 0% used [0x00000000eab00000,0x00000000eab00000,0x00000000eec00000)
  from space 5120K, 99% used [0x00000000eec00000,0x00000000ef0fe498,0x00000000ef100000)
  to   space 11264K, 0% used [0x00000000f0f00000,0x00000000f0f00000,0x00000000f1a00000)
 ParOldGen       total 68608K, used 12140K [0x00000000c0000000, 0x00000000c4300000, 0x00000000eab00000)
  object space 68608K, 17% used [0x00000000c0000000,0x00000000c0bdb390,0x00000000c4300000)
 Metaspace       used 26295K, capacity 26810K, committed 26880K, reserved 1073152K
  class space    used 3635K, capacity 3776K, committed 3840K, reserved 1048576K
}
Event: 3.599 GC heap before
{Heap before GC invocations=7 (full 1):
 PSYoungGen      total 71680K, used 71673K [0x00000000eab00000, 0x00000000f1a00000, 0x0000000100000000)
  eden space 66560K, 100% used [0x00000000eab00000,0x00000000eec00000,0x00000000eec00000)
  from space 5120K, 99% used [0x00000000eec00000,0x00000000ef0fe498,0x00000000ef100000)
  to   space 11264K, 0% used [0x00000000f0f00000,0x00000000f0f00000,0x00000000f1a00000)
 ParOldGen       total 68608K, used 12140K [0x00000000c0000000, 0x00000000c4300000, 0x00000000eab00000)
  object space 68608K, 17% used [0x00000000c0000000,0x00000000c0bdb390,0x00000000c4300000)
 Metaspace       used 29769K, capacity 30336K, committed 30464K, reserved 1075200K
  class space    used 4070K, capacity 4242K, committed 4352K, reserved 1048576K
Event: 3.607 GC heap after
Heap after GC invocations=7 (full 1):
 PSYoungGen      total 102400K, used 7473K [0x00000000eab00000, 0x00000000f1980000, 0x0000000100000000)
  eden space 91648K, 0% used [0x00000000eab00000,0x00000000eab00000,0x00000000f0480000)
  from space 10752K, 69% used [0x00000000f0f00000,0x00000000f164c7b0,0x00000000f1980000)
  to   space 10752K, 0% used [0x00000000f0480000,0x00000000f0480000,0x00000000f0f00000)
 ParOldGen       total 68608K, used 12148K [0x00000000c0000000, 0x00000000c4300000, 0x00000000eab00000)
  object space 68608K, 17% used [0x00000000c0000000,0x00000000c0bdd390,0x00000000c4300000)
 Metaspace       used 29769K, capacity 30336K, committed 30464K, reserved 1075200K
  class space    used 4070K, capacity 4242K, committed 4352K, reserved 1048576K
}
Event: 4.441 GC heap before
{Heap before GC invocations=8 (full 1):
 PSYoungGen      total 102400K, used 78133K [0x00000000eab00000, 0x00000000f1980000, 0x0000000100000000)
  eden space 91648K, 77% used [0x00000000eab00000,0x00000000ef000fa0,0x00000000f0480000)
  from space 10752K, 69% used [0x00000000f0f00000,0x00000000f164c7b0,0x00000000f1980000)
  to   space 10752K, 0% used [0x00000000f0480000,0x00000000f0480000,0x00000000f0f00000)
 ParOldGen       total 68608K, used 12148K [0x00000000c0000000, 0x00000000c4300000, 0x00000000eab00000)
  object space 68608K, 17% used [0x00000000c0000000,0x00000000c0bdd390,0x00000000c4300000)
 Metaspace       used 34786K, capacity 35394K, committed 35496K, reserved 1079296K
  class space    used 4674K, capacity 4846K, committed 4864K, reserved 1048576K
Event: 4.450 GC heap after
Heap after GC invocations=8 (full 1):
 PSYoungGen      total 102400K, used 10722K [0x00000000eab00000, 0x00000000f1980000, 0x0000000100000000)
  eden space 91648K, 0% used [0x00000000eab00000,0x00000000eab00000,0x00000000f0480000)
  from space 10752K, 99% used [0x00000000f0480000,0x00000000f0ef8938,0x00000000f0f00000)
  to   space 10752K, 0% used [0x00000000f0f00000,0x00000000f0f00000,0x00000000f1980000)
 ParOldGen       total 68608K, used 13545K [0x00000000c0000000, 0x00000000c4300000, 0x00000000eab00000)
  object space 68608K, 19% used [0x00000000c0000000,0x00000000c0d3a5c8,0x00000000c4300000)
 Metaspace       used 34786K, capacity 35394K, committed 35496K, reserved 1079296K
  class space    used 4674K, capacity 4846K, committed 4864K, reserved 1048576K
}
Event: 4.450 GC heap before
{Heap before GC invocations=9 (full 2):
 PSYoungGen      total 102400K, used 10722K [0x00000000eab00000, 0x00000000f1980000, 0x0000000100000000)
  eden space 91648K, 0% used [0x00000000eab00000,0x00000000eab00000,0x00000000f0480000)
  from space 10752K, 99% used [0x00000000f0480000,0x00000000f0ef8938,0x00000000f0f00000)
  to   space 10752K, 0% used [0x00000000f0f00000,0x00000000f0f00000,0x00000000f1980000)
 ParOldGen       total 68608K, used 13545K [0x00000000c0000000, 0x00000000c4300000, 0x00000000eab00000)
  object space 68608K, 19% used [0x00000000c0000000,0x00000000c0d3a5c8,0x00000000c4300000)
 Metaspace       used 34786K, capacity 35394K, committed 35496K, reserved 1079296K
  class space    used 4674K, capacity 4846K, committed 4864K, reserved 1048576K
Event: 4.519 GC heap after
Heap after GC invocations=9 (full 2):
 PSYoungGen      total 102400K, used 0K [0x00000000eab00000, 0x00000000f1980000, 0x0000000100000000)
  eden space 91648K, 0% used [0x00000000eab00000,0x00000000eab00000,0x00000000f0480000)
  from space 10752K, 0% used [0x00000000f0480000,0x00000000f0480000,0x00000000f0f00000)
  to   space 10752K, 0% used [0x00000000f0f00000,0x00000000f0f00000,0x00000000f1980000)
 ParOldGen       total 68608K, used 18309K [0x00000000c0000000, 0x00000000c4300000, 0x00000000eab00000)
  object space 68608K, 26% used [0x00000000c0000000,0x00000000c11e1490,0x00000000c4300000)
 Metaspace       used 34786K, capacity 35394K, committed 35496K, reserved 1079296K
  class space    used 4674K, capacity 4846K, committed 4864K, reserved 1048576K
}
Event: 5.396 GC heap before
{Heap before GC invocations=10 (full 2):
 PSYoungGen      total 102400K, used 91648K [0x00000000eab00000, 0x00000000f1980000, 0x0000000100000000)
  eden space 91648K, 100% used [0x00000000eab00000,0x00000000f0480000,0x00000000f0480000)
  from space 10752K, 0% used [0x00000000f0480000,0x00000000f0480000,0x00000000f0f00000)
  to   space 10752K, 0% used [0x00000000f0f00000,0x00000000f0f00000,0x00000000f1980000)
 ParOldGen       total 68608K, used 18309K [0x00000000c0000000, 0x00000000c4300000, 0x00000000eab00000)
  object space 68608K, 26% used [0x00000000c0000000,0x00000000c11e1490,0x00000000c4300000)
 Metaspace       used 42914K, capacity 43872K, committed 44032K, reserved 1087488K
  class space    used 5811K, capacity 6077K, committed 6144K, reserved 1048576K
Event: 5.404 GC heap after
Heap after GC invocations=10 (full 2):
 PSYoungGen      total 99840K, used 10732K [0x00000000eab00000, 0x00000000f3a80000, 0x0000000100000000)
  eden space 89088K, 0% used [0x00000000eab00000,0x00000000eab00000,0x00000000f0200000)
  from space 10752K, 99% used [0x00000000f0f00000,0x00000000f197b2f0,0x00000000f1980000)
  to   space 13312K, 0% used [0x00000000f0200000,0x00000000f0200000,0x00000000f0f00000)
 ParOldGen       total 68608K, used 18800K [0x00000000c0000000, 0x00000000c4300000, 0x00000000eab00000)
  object space 68608K, 27% used [0x00000000c0000000,0x00000000c125c248,0x00000000c4300000)
 Metaspace       used 42914K, capacity 43872K, committed 44032K, reserved 1087488K
  class space    used 5811K, capacity 6077K, committed 6144K, reserved 1048576K
}

