# JRE version: OpenJDK Runtime Environment (8.0_112-b06) (build 1.8.0_112-release-b06)
# Java VM: OpenJDK 64-Bit Server VM (25.112-b06 mixed mode windows-amd64 compressed oops)
Heap:
 PSYoungGen      total 55296K, used 45868K [0x00000000eab00000, 0x00000000ef980000, 0x0000000100000000)
  eden space 45568K, 91% used [0x00000000eab00000,0x00000000ed37f3b0,0x00000000ed780000)
  from space 9728K, 45% used [0x00000000ee300000,0x00000000ee74bd58,0x00000000eec80000)
  to   space 11776K, 0% used [0x00000000ed780000,0x00000000ed780000,0x00000000ee300000)
 ParOldGen       total 69120K, used 15291K [0x00000000c0000000, 0x00000000c4380000, 0x00000000eab00000)
  object space 69120K, 22% used [0x00000000c0000000,0x00000000c0eeedf8,0x00000000c4380000)
 Metaspace       used 38162K, capacity 38984K, committed 39296K, reserved 1083392K
  class space    used 5139K, capacity 5407K, committed 5504K, reserved 1048576K
GC Heap History (10 events):
Event: 3.730 GC heap before
{Heap before GC invocations=8 (full 1):
 PSYoungGen      total 55296K, used 51644K [0x00000000eab00000, 0x00000000eec80000, 0x0000000100000000)
  eden space 45568K, 100% used [0x00000000eab00000,0x00000000ed780000,0x00000000ed780000)
  from space 9728K, 62% used [0x00000000ee300000,0x00000000ee8ef310,0x00000000eec80000)
  to   space 10752K, 0% used [0x00000000ed780000,0x00000000ed780000,0x00000000ee200000)
 ParOldGen       total 69120K, used 9294K [0x00000000c0000000, 0x00000000c4380000, 0x00000000eab00000)
  object space 69120K, 13% used [0x00000000c0000000,0x00000000c0913b70,0x00000000c4380000)
 Metaspace       used 29617K, capacity 30208K, committed 30464K, reserved 1075200K
  class space    used 4065K, capacity 4242K, committed 4352K, reserved 1048576K
Event: 3.740 GC heap after
Heap after GC invocations=8 (full 1):
 PSYoungGen      total 56320K, used 7030K [0x00000000eab00000, 0x00000000eec80000, 0x0000000100000000)
  eden space 45568K, 0% used [0x00000000eab00000,0x00000000eab00000,0x00000000ed780000)
  from space 10752K, 65% used [0x00000000ed780000,0x00000000ede5d998,0x00000000ee200000)
  to   space 9728K, 0% used [0x00000000ee300000,0x00000000ee300000,0x00000000eec80000)
 ParOldGen       total 69120K, used 9302K [0x00000000c0000000, 0x00000000c4380000, 0x00000000eab00000)
  object space 69120K, 13% used [0x00000000c0000000,0x00000000c0915b70,0x00000000c4380000)
 Metaspace       used 29617K, capacity 30208K, committed 30464K, reserved 1075200K
  class space    used 4065K, capacity 4242K, committed 4352K, reserved 1048576K
}
Event: 4.699 GC heap before
{Heap before GC invocations=9 (full 1):
 PSYoungGen      total 56320K, used 52598K [0x00000000eab00000, 0x00000000eec80000, 0x0000000100000000)
  eden space 45568K, 100% used [0x00000000eab00000,0x00000000ed780000,0x00000000ed780000)
  from space 10752K, 65% used [0x00000000ed780000,0x00000000ede5d998,0x00000000ee200000)
  to   space 9728K, 0% used [0x00000000ee300000,0x00000000ee300000,0x00000000eec80000)
 ParOldGen       total 69120K, used 9302K [0x00000000c0000000, 0x00000000c4380000, 0x00000000eab00000)
  object space 69120K, 13% used [0x00000000c0000000,0x00000000c0915b70,0x00000000c4380000)
 Metaspace       used 32644K, capacity 33324K, committed 33536K, reserved 1079296K
  class space    used 4404K, capacity 4601K, committed 4608K, reserved 1048576K
Event: 4.705 GC heap after
Heap after GC invocations=9 (full 1):
 PSYoungGen      total 55296K, used 9029K [0x00000000eab00000, 0x00000000eec80000, 0x0000000100000000)
  eden space 45568K, 0% used [0x00000000eab00000,0x00000000eab00000,0x00000000ed780000)
  from space 9728K, 92% used [0x00000000ee300000,0x00000000eebd1638,0x00000000eec80000)
  to   space 10752K, 0% used [0x00000000ed780000,0x00000000ed780000,0x00000000ee200000)
 ParOldGen       total 69120K, used 9374K [0x00000000c0000000, 0x00000000c4380000, 0x00000000eab00000)
  object space 69120K, 13% used [0x00000000c0000000,0x00000000c0927b80,0x00000000c4380000)
 Metaspace       used 32644K, capacity 33324K, committed 33536K, reserved 1079296K
  class space    used 4404K, capacity 4601K, committed 4608K, reserved 1048576K
}
Event: 4.873 GC heap before
{Heap before GC invocations=10 (full 1):
 PSYoungGen      total 55296K, used 28802K [0x00000000eab00000, 0x00000000eec80000, 0x0000000100000000)
  eden space 45568K, 43% used [0x00000000eab00000,0x00000000ebe4f488,0x00000000ed780000)
  from space 9728K, 92% used [0x00000000ee300000,0x00000000eebd1638,0x00000000eec80000)
  to   space 10752K, 0% used [0x00000000ed780000,0x00000000ed780000,0x00000000ee200000)
 ParOldGen       total 69120K, used 9374K [0x00000000c0000000, 0x00000000c4380000, 0x00000000eab00000)
  object space 69120K, 13% used [0x00000000c0000000,0x00000000c0927b80,0x00000000c4380000)
 Metaspace       used 34535K, capacity 35234K, committed 35456K, reserved 1079296K
  class space    used 4655K, capacity 4878K, committed 4992K, reserved 1048576K
Event: 4.879 GC heap after
Heap after GC invocations=10 (full 1):
 PSYoungGen      total 56320K, used 8914K [0x00000000eab00000, 0x00000000eec80000, 0x0000000100000000)
  eden space 45568K, 0% used [0x00000000eab00000,0x00000000eab00000,0x00000000ed780000)
  from space 10752K, 82% used [0x00000000ed780000,0x00000000ee034ac8,0x00000000ee200000)
  to   space 9728K, 0% used [0x00000000ee300000,0x00000000ee300000,0x00000000eec80000)
 ParOldGen       total 69120K, used 9382K [0x00000000c0000000, 0x00000000c4380000, 0x00000000eab00000)
  object space 69120K, 13% used [0x00000000c0000000,0x00000000c0929b80,0x00000000c4380000)
 Metaspace       used 34535K, capacity 35234K, committed 35456K, reserved 1079296K
  class space    used 4655K, capacity 4878K, committed 4992K, reserved 1048576K
}
Event: 4.879 GC heap before
{Heap before GC invocations=11 (full 2):
 PSYoungGen      total 56320K, used 8914K [0x00000000eab00000, 0x00000000eec80000, 0x0000000100000000)
  eden space 45568K, 0% used [0x00000000eab00000,0x00000000eab00000,0x00000000ed780000)
  from space 10752K, 82% used [0x00000000ed780000,0x00000000ee034ac8,0x00000000ee200000)
  to   space 9728K, 0% used [0x00000000ee300000,0x00000000ee300000,0x00000000eec80000)
 ParOldGen       total 69120K, used 9382K [0x00000000c0000000, 0x00000000c4380000, 0x00000000eab00000)
  object space 69120K, 13% used [0x00000000c0000000,0x00000000c0929b80,0x00000000c4380000)
 Metaspace       used 34535K, capacity 35234K, committed 35456K, reserved 1079296K
  class space    used 4655K, capacity 4878K, committed 4992K, reserved 1048576K
Event: 4.940 GC heap after
Heap after GC invocations=11 (full 2):
 PSYoungGen      total 56320K, used 0K [0x00000000eab00000, 0x00000000eec80000, 0x0000000100000000)
  eden space 45568K, 0% used [0x00000000eab00000,0x00000000eab00000,0x00000000ed780000)
  from space 10752K, 0% used [0x00000000ed780000,0x00000000ed780000,0x00000000ee200000)
  to   space 9728K, 0% used [0x00000000ee300000,0x00000000ee300000,0x00000000eec80000)
 ParOldGen       total 69120K, used 15283K [0x00000000c0000000, 0x00000000c4380000, 0x00000000eab00000)
  object space 69120K, 22% used [0x00000000c0000000,0x00000000c0eecdf8,0x00000000c4380000)
 Metaspace       used 34535K, capacity 35234K, committed 35456K, reserved 1079296K
  class space    used 4655K, capacity 4878K, committed 4992K, reserved 1048576K
}
Event: 5.283 GC heap before
{Heap before GC invocations=12 (full 2):
 PSYoungGen      total 56320K, used 45568K [0x00000000eab00000, 0x00000000eec80000, 0x0000000100000000)
  eden space 45568K, 100% used [0x00000000eab00000,0x00000000ed780000,0x00000000ed780000)
  from space 10752K, 0% used [0x00000000ed780000,0x00000000ed780000,0x00000000ee200000)
  to   space 9728K, 0% used [0x00000000ee300000,0x00000000ee300000,0x00000000eec80000)
 ParOldGen       total 69120K, used 15283K [0x00000000c0000000, 0x00000000c4380000, 0x00000000eab00000)
  object space 69120K, 22% used [0x00000000c0000000,0x00000000c0eecdf8,0x00000000c4380000)
 Metaspace       used 37261K, capacity 37974K, committed 38272K, reserved 1083392K
  class space    used 4985K, capacity 5182K, committed 5248K, reserved 1048576K
Event: 5.286 GC heap after
Heap after GC invocations=12 (full 2):
 PSYoungGen      total 55296K, used 4399K [0x00000000eab00000, 0x00000000ef980000, 0x0000000100000000)
  eden space 45568K, 0% used [0x00000000eab00000,0x00000000eab00000,0x00000000ed780000)
  from space 9728K, 45% used [0x00000000ee300000,0x00000000ee74bd58,0x00000000eec80000)
  to   space 11776K, 0% used [0x00000000ed780000,0x00000000ed780000,0x00000000ee300000)
 ParOldGen       total 69120K, used 15291K [0x00000000c0000000, 0x00000000c4380000, 0x00000000eab00000)
  object space 69120K, 22% used [0x00000000c0000000,0x00000000c0eeedf8,0x00000000c4380000)
 Metaspace       used 37261K, capacity 37974K, committed 38272K, reserved 1083392K
  class space    used 4985K, capacity 5182K, committed 5248K, reserved 1048576K
}

